<?xml version="1.0" encoding="UTF-8"?>
<testsuite xmlns:xsi="http://www.w3.org/2001/XMLSchema-instance" xsi:noNamespaceSchemaLocation="https://maven.apache.org/surefire/maven-surefire-plugin/xsd/surefire-test-report-3.0.xsd" version="3.0" name="AccountTest" time="0.058" tests="3" errors="0" skipped="0" failures="0">
  <properties>
    <property name="java.specification.version" value="21"/>
    <property name="sun.cpu.isalist" value="amd64"/>
    <property name="sun.jnu.encoding" value="Cp1252"/>
    <property name="java.class.path" value="C:\Users\bober\OneDrive\Työpöytä\OTPtasks\Account\target\test-classes;C:\Users\bober\OneDrive\Työpöytä\OTPtasks\Account\target\classes;C:\Users\bober\.m2\repository\junit\junit\4.13.1\junit-4.13.1.jar;C:\Users\bober\.m2\repository\org\hamcrest\hamcrest-core\1.3\hamcrest-core-1.3.jar;"/>
    <property name="java.vm.vendor" value="Eclipse Adoptium"/>
    <property name="sun.arch.data.model" value="64"/>
    <property name="user.variant" value=""/>
    <property name="java.vendor.url" value="https://adoptium.net/"/>
    <property name="user.timezone" value="Europe/Helsinki"/>
    <property name="user.country.format" value="FI"/>
    <property name="os.name" value="Windows 11"/>
    <property name="java.vm.specification.version" value="21"/>
    <property name="sun.java.launcher" value="SUN_STANDARD"/>
    <property name="user.country" value="GB"/>
    <property name="sun.boot.library.path" value="C:\Users\bober\.jdks\temurin-21.0.4\bin"/>
    <property name="sun.java.command" value="C:\Users\bober\AppData\Local\Temp\surefire14662390615879543649\surefirebooter-20240913104002049_3.jar C:\Users\bober\AppData\Local\Temp\surefire14662390615879543649 2024-09-13T10-40-01_933-jvmRun1 surefire-20240913104002049_1tmp surefire_0-20240913104002049_2tmp"/>
    <property name="jdk.debug" value="release"/>
    <property name="surefire.test.class.path" value="C:\Users\bober\OneDrive\Työpöytä\OTPtasks\Account\target\test-classes;C:\Users\bober\OneDrive\Työpöytä\OTPtasks\Account\target\classes;C:\Users\bober\.m2\repository\junit\junit\4.13.1\junit-4.13.1.jar;C:\Users\bober\.m2\repository\org\hamcrest\hamcrest-core\1.3\hamcrest-core-1.3.jar;"/>
    <property name="sun.cpu.endian" value="little"/>
    <property name="user.home" value="C:\Users\bober"/>
    <property name="user.language" value="en"/>
    <property name="java.specification.vendor" value="Oracle Corporation"/>
    <property name="java.version.date" value="2024-07-16"/>
    <property name="java.home" value="C:\Users\bober\.jdks\temurin-21.0.4"/>
    <property name="file.separator" value="\"/>
    <property name="basedir" value="C:\Users\bober\OneDrive\Työpöytä\OTPtasks\Account"/>
    <property name="java.vm.compressedOopsMode" value="Zero based"/>
    <property name="line.separator" value="&#10;"/>
    <property name="java.vm.specification.vendor" value="Oracle Corporation"/>
    <property name="java.specification.name" value="Java Platform API Specification"/>
    <property name="surefire.real.class.path" value="C:\Users\bober\AppData\Local\Temp\surefire14662390615879543649\surefirebooter-20240913104002049_3.jar"/>
    <property name="user.script" value=""/>
    <property name="sun.management.compiler" value="HotSpot 64-Bit Tiered Compilers"/>
    <property name="java.runtime.version" value="21.0.4+7-LTS"/>
    <property name="user.name" value="bober"/>
    <property name="stdout.encoding" value="Cp1252"/>
    <property name="path.separator" value=";"/>
    <property name="os.version" value="10.0"/>
    <property name="java.runtime.name" value="OpenJDK Runtime Environment"/>
    <property name="file.encoding" value="UTF-8"/>
    <property name="java.vm.name" value="OpenJDK 64-Bit Server VM"/>
    <property name="java.vendor.version" value="Temurin-21.0.4+7"/>
    <property name="localRepository" value="C:\Users\bober\.m2\repository"/>
    <property name="java.vendor.url.bug" value="https://github.com/adoptium/adoptium-support/issues"/>
    <property name="java.io.tmpdir" value="C:\Users\bober\AppData\Local\Temp\"/>
    <property name="idea.version" value="2024.1.6"/>
    <property name="java.version" value="21.0.4"/>
    <property name="user.dir" value="C:\Users\bober\OneDrive\Työpöytä\OTPtasks\Account"/>
    <property name="os.arch" value="amd64"/>
    <property name="java.vm.specification.name" value="Java Virtual Machine Specification"/>
    <property name="sun.os.patch.level" value=""/>
    <property name="native.encoding" value="Cp1252"/>
    <property name="java.library.path" value="C:\Users\bober\.jdks\temurin-21.0.4\bin;C:\Windows\Sun\Java\bin;C:\Windows\system32;C:\Windows;C:\Program Files\Common Files\Oracle\Java\javapath;C:\Windows\system32;C:\Windows;C:\Windows\System32\Wbem;C:\Windows\System32\WindowsPowerShell\v1.0\;C:\Windows\System32\OpenSSH\;C:\Program Files\nodejs\;C:\Program Files\Git\cmd;C:\Program Files\Docker\Docker\resources\bin;%MAVEN_HOME%\bin;C:\Program Files\MySQL\MySQL Server 8.0\bin;C:\Users\bober\.console-ninja\.bin;C:\Users\bober\AppData\Local\Microsoft\WindowsApps;C:\Users\bober\AppData\Local\Programs\Microsoft VS Code\bin;C:\Users\bober\AppData\Roaming\npm;C:\Program Files\JetBrains\PyCharm 2023.3.5\bin;C:\Program Files\JetBrains\IntelliJ IDEA 2023.3.6\bin;C:\Users\bober\AppData\Local\GitHubDesktop\bin;C:\Program Files\Apache\maven\apache-maven-3.9.9;;."/>
    <property name="java.vm.info" value="mixed mode, sharing"/>
    <property name="stderr.encoding" value="Cp1252"/>
    <property name="java.vendor" value="Eclipse Adoptium"/>
    <property name="java.vm.version" value="21.0.4+7-LTS"/>
    <property name="sun.io.unicode.encoding" value="UnicodeLittle"/>
    <property name="java.class.version" value="65.0"/>
  </properties>
  <testcase name="testWithdraw" classname="AccountTest" time="0.003">
    <system-out><![CDATA[Test starts
Before each test
After each test
]]></system-out>
  </testcase>
  <testcase name="testGetBalance" classname="AccountTest" time="0.001">
    <system-out><![CDATA[Before each test
After each test
]]></system-out>
  </testcase>
  <testcase name="testDeposit" classname="AccountTest" time="0.002">
    <system-out><![CDATA[Before each test
After each test
]]></system-out>
  </testcase>
</testsuite>